# JRE version: Java(TM) SE Runtime Environment (7.0_40-b43) (build 1.7.0_40-b43)
# Java VM: Java HotSpot(TM) 64-Bit Server VM (24.0-b56 mixed mode windows-amd64 compressed oops)
Heap
 PSYoungGen      total 24064K, used 15475K [0x00000007d5800000, 0x00000007d7080000, 0x0000000800000000)
  eden space 23552K, 63% used [0x00000007d5800000,0x00000007d66b1418,0x00000007d6f00000)
  from space 512K, 84% used [0x00000007d7000000,0x00000007d706b890,0x00000007d7080000)
  to   space 512K, 0% used [0x00000007d6f80000,0x00000007d6f80000,0x00000007d7000000)
 ParOldGen       total 87040K, used 18246K [0x0000000780800000, 0x0000000785d00000, 0x00000007d5800000)
  object space 87040K, 20% used [0x0000000780800000,0x00000007819d1b28,0x0000000785d00000)
 PSPermGen       total 21504K, used 7911K [0x000000077b600000, 0x000000077cb00000, 0x0000000780800000)
  object space 21504K, 36% used [0x000000077b600000,0x000000077bdb9e30,0x000000077cb00000)
GC Heap History (10 events):
Event: 366.288 GC heap before
{Heap before GC invocations=264 (full 0):
 PSYoungGen      total 24064K, used 23950K [0x00000007d5800000, 0x00000007d7080000, 0x0000000800000000)
  eden space 23552K, 100% used [0x00000007d5800000,0x00000007d6f00000,0x00000007d6f00000)
  from space 512K, 77% used [0x00000007d6f80000,0x00000007d6fe3890,0x00000007d7000000)
  to   space 512K, 0% used [0x00000007d7000000,0x00000007d7000000,0x00000007d7080000)
 ParOldGen       total 87040K, used 17382K [0x0000000780800000, 0x0000000785d00000, 0x00000007d5800000)
  object space 87040K, 19% used [0x0000000780800000,0x00000007818f9b28,0x0000000785d00000)
 PSPermGen       total 21504K, used 7906K [0x000000077b600000, 0x000000077cb00000, 0x0000000780800000)
  object space 21504K, 36% used [0x000000077b600000,0x000000077bdb8b10,0x000000077cb00000)
Event: 366.289 GC heap after
Heap after GC invocations=264 (full 0):
 PSYoungGen      total 24064K, used 430K [0x00000007d5800000, 0x00000007d7080000, 0x0000000800000000)
  eden space 23552K, 0% used [0x00000007d5800000,0x00000007d5800000,0x00000007d6f00000)
  from space 512K, 84% used [0x00000007d7000000,0x00000007d706b890,0x00000007d7080000)
  to   space 512K, 0% used [0x00000007d6f80000,0x00000007d6f80000,0x00000007d7000000)
 ParOldGen       total 87040K, used 17558K [0x0000000780800000, 0x0000000785d00000, 0x00000007d5800000)
  object space 87040K, 20% used [0x0000000780800000,0x0000000781925b28,0x0000000785d00000)
 PSPermGen       total 21504K, used 7906K [0x000000077b600000, 0x000000077cb00000, 0x0000000780800000)
  object space 21504K, 36% used [0x000000077b600000,0x000000077bdb8b10,0x000000077cb00000)
}
Event: 371.755 GC heap before
{Heap before GC invocations=265 (full 0):
 PSYoungGen      total 24064K, used 23947K [0x00000007d5800000, 0x00000007d7080000, 0x0000000800000000)
  eden space 23552K, 99% used [0x00000007d5800000,0x00000007d6ef73f8,0x00000007d6f00000)
  from space 512K, 84% used [0x00000007d7000000,0x00000007d706b890,0x00000007d7080000)
  to   space 512K, 0% used [0x00000007d6f80000,0x00000007d6f80000,0x00000007d7000000)
 ParOldGen       total 87040K, used 17558K [0x0000000780800000, 0x0000000785d00000, 0x00000007d5800000)
  object space 87040K, 20% used [0x0000000780800000,0x0000000781925b28,0x0000000785d00000)
 PSPermGen       total 21504K, used 7910K [0x000000077b600000, 0x000000077cb00000, 0x0000000780800000)
  object space 21504K, 36% used [0x000000077b600000,0x000000077bdb99a8,0x000000077cb00000)
Event: 371.757 GC heap after
Heap after GC invocations=265 (full 0):
 PSYoungGen      total 24064K, used 430K [0x00000007d5800000, 0x00000007d7080000, 0x0000000800000000)
  eden space 23552K, 0% used [0x00000007d5800000,0x00000007d5800000,0x00000007d6f00000)
  from space 512K, 84% used [0x00000007d6f80000,0x00000007d6feb890,0x00000007d7000000)
  to   space 512K, 0% used [0x00000007d7000000,0x00000007d7000000,0x00000007d7080000)
 ParOldGen       total 87040K, used 17734K [0x0000000780800000, 0x0000000785d00000, 0x00000007d5800000)
  object space 87040K, 20% used [0x0000000780800000,0x0000000781951b28,0x0000000785d00000)
 PSPermGen       total 21504K, used 7910K [0x000000077b600000, 0x000000077cb00000, 0x0000000780800000)
  object space 21504K, 36% used [0x000000077b600000,0x000000077bdb99a8,0x000000077cb00000)
}
Event: 373.504 GC heap before
{Heap before GC invocations=266 (full 0):
 PSYoungGen      total 24064K, used 23982K [0x00000007d5800000, 0x00000007d7080000, 0x0000000800000000)
  eden space 23552K, 100% used [0x00000007d5800000,0x00000007d6f00000,0x00000007d6f00000)
  from space 512K, 84% used [0x00000007d6f80000,0x00000007d6feb890,0x00000007d7000000)
  to   space 512K, 0% used [0x00000007d7000000,0x00000007d7000000,0x00000007d7080000)
 ParOldGen       total 87040K, used 17734K [0x0000000780800000, 0x0000000785d00000, 0x00000007d5800000)
  object space 87040K, 20% used [0x0000000780800000,0x0000000781951b28,0x0000000785d00000)
 PSPermGen       total 21504K, used 7910K [0x000000077b600000, 0x000000077cb00000, 0x0000000780800000)
  object space 21504K, 36% used [0x000000077b600000,0x000000077bdb99a8,0x000000077cb00000)
Event: 373.506 GC heap after
Heap after GC invocations=266 (full 0):
 PSYoungGen      total 24064K, used 430K [0x00000007d5800000, 0x00000007d7080000, 0x0000000800000000)
  eden space 23552K, 0% used [0x00000007d5800000,0x00000007d5800000,0x00000007d6f00000)
  from space 512K, 84% used [0x00000007d7000000,0x00000007d706b890,0x00000007d7080000)
  to   space 512K, 0% used [0x00000007d6f80000,0x00000007d6f80000,0x00000007d7000000)
 ParOldGen       total 87040K, used 17902K [0x0000000780800000, 0x0000000785d00000, 0x00000007d5800000)
  object space 87040K, 20% used [0x0000000780800000,0x000000078197bb28,0x0000000785d00000)
 PSPermGen       total 21504K, used 7910K [0x000000077b600000, 0x000000077cb00000, 0x0000000780800000)
  object space 21504K, 36% used [0x000000077b600000,0x000000077bdb99a8,0x000000077cb00000)
}
Event: 375.271 GC heap before
{Heap before GC invocations=267 (full 0):
 PSYoungGen      total 24064K, used 23947K [0x00000007d5800000, 0x00000007d7080000, 0x0000000800000000)
  eden space 23552K, 99% used [0x00000007d5800000,0x00000007d6ef7698,0x00000007d6f00000)
  from space 512K, 84% used [0x00000007d7000000,0x00000007d706b890,0x00000007d7080000)
  to   space 512K, 0% used [0x00000007d6f80000,0x00000007d6f80000,0x00000007d7000000)
 ParOldGen       total 87040K, used 17902K [0x0000000780800000, 0x0000000785d00000, 0x00000007d5800000)
  object space 87040K, 20% used [0x0000000780800000,0x000000078197bb28,0x0000000785d00000)
 PSPermGen       total 21504K, used 7910K [0x000000077b600000, 0x000000077cb00000, 0x0000000780800000)
  object space 21504K, 36% used [0x000000077b600000,0x000000077bdb9a98,0x000000077cb00000)
Event: 375.272 GC heap after
Heap after GC invocations=267 (full 0):
 PSYoungGen      total 24064K, used 430K [0x00000007d5800000, 0x00000007d7080000, 0x0000000800000000)
  eden space 23552K, 0% used [0x00000007d5800000,0x00000007d5800000,0x00000007d6f00000)
  from space 512K, 84% used [0x00000007d6f80000,0x00000007d6feb890,0x00000007d7000000)
  to   space 512K, 0% used [0x00000007d7000000,0x00000007d7000000,0x00000007d7080000)
 ParOldGen       total 87040K, used 18078K [0x0000000780800000, 0x0000000785d00000, 0x00000007d5800000)
  object space 87040K, 20% used [0x0000000780800000,0x00000007819a7b28,0x0000000785d00000)
 PSPermGen       total 21504K, used 7910K [0x000000077b600000, 0x000000077cb00000, 0x0000000780800000)
  object space 21504K, 36% used [0x000000077b600000,0x000000077bdb9a98,0x000000077cb00000)
}
Event: 377.054 GC heap before
{Heap before GC invocations=268 (full 0):
 PSYoungGen      total 24064K, used 23982K [0x00000007d5800000, 0x00000007d7080000, 0x0000000800000000)
  eden space 23552K, 100% used [0x00000007d5800000,0x00000007d6f00000,0x00000007d6f00000)
  from space 512K, 84% used [0x00000007d6f80000,0x00000007d6feb890,0x00000007d7000000)
  to   space 512K, 0% used [0x00000007d7000000,0x00000007d7000000,0x00000007d7080000)
 ParOldGen       total 87040K, used 18078K [0x0000000780800000, 0x0000000785d00000, 0x00000007d5800000)
  object space 87040K, 20% used [0x0000000780800000,0x00000007819a7b28,0x0000000785d00000)
 PSPermGen       total 21504K, used 7910K [0x000000077b600000, 0x000000077cb00000, 0x0000000780800000)
  object space 21504K, 36% used [0x000000077b600000,0x000000077bdb9b98,0x000000077cb00000)
Event: 377.055 GC heap after
Heap after GC invocations=268 (full 0):
 PSYoungGen      total 24064K, used 430K [0x00000007d5800000, 0x00000007d7080000, 0x0000000800000000)
  eden space 23552K, 0% used [0x00000007d5800000,0x00000007d5800000,0x00000007d6f00000)
  from space 512K, 84% used [0x00000007d7000000,0x00000007d706b890,0x00000007d7080000)
  to   space 512K, 0% used [0x00000007d6f80000,0x00000007d6f80000,0x00000007d7000000)
 ParOldGen       total 87040K, used 18246K [0x0000000780800000, 0x0000000785d00000, 0x00000007d5800000)
  object space 87040K, 20% used [0x0000000780800000,0x00000007819d1b28,0x0000000785d00000)
 PSPermGen       total 21504K, used 7910K [0x000000077b600000, 0x000000077cb00000, 0x0000000780800000)
  object space 21504K, 36% used [0x000000077b600000,0x000000077bdb9b98,0x000000077cb00000)
}

