# JRE version: Java(TM) SE Runtime Environment (7.0_40-b43) (build 1.7.0_40-b43)
# Java VM: Java HotSpot(TM) 64-Bit Server VM (24.0-b56 mixed mode windows-amd64 compressed oops)
Heap
 PSYoungGen      total 25088K, used 20163K [0x00000007d5800000, 0x00000007d7180000, 0x0000000800000000)
  eden space 24064K, 81% used [0x00000007d5800000,0x00000007d6b3d758,0x00000007d6f80000)
  from space 1024K, 45% used [0x00000007d7080000,0x00000007d70f3890,0x00000007d7180000)
  to   space 1024K, 0% used [0x00000007d6f80000,0x00000007d6f80000,0x00000007d7080000)
 ParOldGen       total 87040K, used 10851K [0x0000000780800000, 0x0000000785d00000, 0x00000007d5800000)
  object space 87040K, 12% used [0x0000000780800000,0x0000000781298ce8,0x0000000785d00000)
 PSPermGen       total 21504K, used 7227K [0x000000077b600000, 0x000000077cb00000, 0x0000000780800000)
  object space 21504K, 33% used [0x000000077b600000,0x000000077bd0ee08,0x000000077cb00000)
GC Heap History (10 events):
Event: 226.398 GC heap before
{Heap before GC invocations=50 (full 0):
 PSYoungGen      total 25088K, used 24526K [0x00000007d5800000, 0x00000007d7180000, 0x0000000800000000)
  eden space 24064K, 100% used [0x00000007d5800000,0x00000007d6f80000,0x00000007d6f80000)
  from space 1024K, 45% used [0x00000007d6f80000,0x00000007d6ff3890,0x00000007d7080000)
  to   space 1024K, 0% used [0x00000007d7080000,0x00000007d7080000,0x00000007d7180000)
 ParOldGen       total 87040K, used 9947K [0x0000000780800000, 0x0000000785d00000, 0x00000007d5800000)
  object space 87040K, 11% used [0x0000000780800000,0x00000007811b6ce8,0x0000000785d00000)
 PSPermGen       total 21504K, used 7217K [0x000000077b600000, 0x000000077cb00000, 0x0000000780800000)
  object space 21504K, 33% used [0x000000077b600000,0x000000077bd0c5d0,0x000000077cb00000)
Event: 226.399 GC heap after
Heap after GC invocations=50 (full 0):
 PSYoungGen      total 25088K, used 430K [0x00000007d5800000, 0x00000007d7180000, 0x0000000800000000)
  eden space 24064K, 0% used [0x00000007d5800000,0x00000007d5800000,0x00000007d6f80000)
  from space 1024K, 42% used [0x00000007d7080000,0x00000007d70eb890,0x00000007d7180000)
  to   space 1024K, 0% used [0x00000007d6f80000,0x00000007d6f80000,0x00000007d7080000)
 ParOldGen       total 87040K, used 10123K [0x0000000780800000, 0x0000000785d00000, 0x00000007d5800000)
  object space 87040K, 11% used [0x0000000780800000,0x00000007811e2ce8,0x0000000785d00000)
 PSPermGen       total 21504K, used 7217K [0x000000077b600000, 0x000000077cb00000, 0x0000000780800000)
  object space 21504K, 33% used [0x000000077b600000,0x000000077bd0c5d0,0x000000077cb00000)
}
Event: 229.413 GC heap before
{Heap before GC invocations=51 (full 0):
 PSYoungGen      total 25088K, used 24494K [0x00000007d5800000, 0x00000007d7180000, 0x0000000800000000)
  eden space 24064K, 100% used [0x00000007d5800000,0x00000007d6f80000,0x00000007d6f80000)
  from space 1024K, 42% used [0x00000007d7080000,0x00000007d70eb890,0x00000007d7180000)
  to   space 1024K, 0% used [0x00000007d6f80000,0x00000007d6f80000,0x00000007d7080000)
 ParOldGen       total 87040K, used 10123K [0x0000000780800000, 0x0000000785d00000, 0x00000007d5800000)
  object space 87040K, 11% used [0x0000000780800000,0x00000007811e2ce8,0x0000000785d00000)
 PSPermGen       total 21504K, used 7220K [0x000000077b600000, 0x000000077cb00000, 0x0000000780800000)
  object space 21504K, 33% used [0x000000077b600000,0x000000077bd0d000,0x000000077cb00000)
Event: 229.414 GC heap after
Heap after GC invocations=51 (full 0):
 PSYoungGen      total 25088K, used 540K [0x00000007d5800000, 0x00000007d7180000, 0x0000000800000000)
  eden space 24064K, 0% used [0x00000007d5800000,0x00000007d5800000,0x00000007d6f80000)
  from space 1024K, 52% used [0x00000007d6f80000,0x00000007d7007120,0x00000007d7080000)
  to   space 1024K, 0% used [0x00000007d7080000,0x00000007d7080000,0x00000007d7180000)
 ParOldGen       total 87040K, used 10307K [0x0000000780800000, 0x0000000785d00000, 0x00000007d5800000)
  object space 87040K, 11% used [0x0000000780800000,0x0000000781210ce8,0x0000000785d00000)
 PSPermGen       total 21504K, used 7220K [0x000000077b600000, 0x000000077cb00000, 0x0000000780800000)
  object space 21504K, 33% used [0x000000077b600000,0x000000077bd0d000,0x000000077cb00000)
}
Event: 231.527 GC heap before
{Heap before GC invocations=52 (full 0):
 PSYoungGen      total 25088K, used 24604K [0x00000007d5800000, 0x00000007d7180000, 0x0000000800000000)
  eden space 24064K, 100% used [0x00000007d5800000,0x00000007d6f80000,0x00000007d6f80000)
  from space 1024K, 52% used [0x00000007d6f80000,0x00000007d7007120,0x00000007d7080000)
  to   space 1024K, 0% used [0x00000007d7080000,0x00000007d7080000,0x00000007d7180000)
 ParOldGen       total 87040K, used 10307K [0x0000000780800000, 0x0000000785d00000, 0x00000007d5800000)
  object space 87040K, 11% used [0x0000000780800000,0x0000000781210ce8,0x0000000785d00000)
 PSPermGen       total 21504K, used 7223K [0x000000077b600000, 0x000000077cb00000, 0x0000000780800000)
  object space 21504K, 33% used [0x000000077b600000,0x000000077bd0dd88,0x000000077cb00000)
Event: 231.529 GC heap after
Heap after GC invocations=52 (full 0):
 PSYoungGen      total 25088K, used 540K [0x00000007d5800000, 0x00000007d7180000, 0x0000000800000000)
  eden space 24064K, 0% used [0x00000007d5800000,0x00000007d5800000,0x00000007d6f80000)
  from space 1024K, 52% used [0x00000007d7080000,0x00000007d7107120,0x00000007d7180000)
  to   space 1024K, 0% used [0x00000007d6f80000,0x00000007d6f80000,0x00000007d7080000)
 ParOldGen       total 87040K, used 10483K [0x0000000780800000, 0x0000000785d00000, 0x00000007d5800000)
  object space 87040K, 12% used [0x0000000780800000,0x000000078123cce8,0x0000000785d00000)
 PSPermGen       total 21504K, used 7223K [0x000000077b600000, 0x000000077cb00000, 0x0000000780800000)
  object space 21504K, 33% used [0x000000077b600000,0x000000077bd0dd88,0x000000077cb00000)
}
Event: 233.356 GC heap before
{Heap before GC invocations=53 (full 0):
 PSYoungGen      total 25088K, used 24604K [0x00000007d5800000, 0x00000007d7180000, 0x0000000800000000)
  eden space 24064K, 100% used [0x00000007d5800000,0x00000007d6f80000,0x00000007d6f80000)
  from space 1024K, 52% used [0x00000007d7080000,0x00000007d7107120,0x00000007d7180000)
  to   space 1024K, 0% used [0x00000007d6f80000,0x00000007d6f80000,0x00000007d7080000)
 ParOldGen       total 87040K, used 10483K [0x0000000780800000, 0x0000000785d00000, 0x00000007d5800000)
  object space 87040K, 12% used [0x0000000780800000,0x000000078123cce8,0x0000000785d00000)
 PSPermGen       total 21504K, used 7224K [0x000000077b600000, 0x000000077cb00000, 0x0000000780800000)
  object space 21504K, 33% used [0x000000077b600000,0x000000077bd0e368,0x000000077cb00000)
Event: 233.357 GC heap after
Heap after GC invocations=53 (full 0):
 PSYoungGen      total 25088K, used 540K [0x00000007d5800000, 0x00000007d7180000, 0x0000000800000000)
  eden space 24064K, 0% used [0x00000007d5800000,0x00000007d5800000,0x00000007d6f80000)
  from space 1024K, 52% used [0x00000007d6f80000,0x00000007d7007120,0x00000007d7080000)
  to   space 1024K, 0% used [0x00000007d7080000,0x00000007d7080000,0x00000007d7180000)
 ParOldGen       total 87040K, used 10667K [0x0000000780800000, 0x0000000785d00000, 0x00000007d5800000)
  object space 87040K, 12% used [0x0000000780800000,0x000000078126ace8,0x0000000785d00000)
 PSPermGen       total 21504K, used 7224K [0x000000077b600000, 0x000000077cb00000, 0x0000000780800000)
  object space 21504K, 33% used [0x000000077b600000,0x000000077bd0e368,0x000000077cb00000)
}
Event: 235.181 GC heap before
{Heap before GC invocations=54 (full 0):
 PSYoungGen      total 25088K, used 24512K [0x00000007d5800000, 0x00000007d7180000, 0x0000000800000000)
  eden space 24064K, 99% used [0x00000007d5800000,0x00000007d6f69000,0x00000007d6f80000)
  from space 1024K, 52% used [0x00000007d6f80000,0x00000007d7007120,0x00000007d7080000)
  to   space 1024K, 0% used [0x00000007d7080000,0x00000007d7080000,0x00000007d7180000)
 ParOldGen       total 87040K, used 10667K [0x0000000780800000, 0x0000000785d00000, 0x00000007d5800000)
  object space 87040K, 12% used [0x0000000780800000,0x000000078126ace8,0x0000000785d00000)
 PSPermGen       total 21504K, used 7224K [0x000000077b600000, 0x000000077cb00000, 0x0000000780800000)
  object space 21504K, 33% used [0x000000077b600000,0x000000077bd0e368,0x000000077cb00000)
Event: 235.182 GC heap after
Heap after GC invocations=54 (full 0):
 PSYoungGen      total 25088K, used 462K [0x00000007d5800000, 0x00000007d7180000, 0x0000000800000000)
  eden space 24064K, 0% used [0x00000007d5800000,0x00000007d5800000,0x00000007d6f80000)
  from space 1024K, 45% used [0x00000007d7080000,0x00000007d70f3890,0x00000007d7180000)
  to   space 1024K, 0% used [0x00000007d6f80000,0x00000007d6f80000,0x00000007d7080000)
 ParOldGen       total 87040K, used 10851K [0x0000000780800000, 0x0000000785d00000, 0x00000007d5800000)
  object space 87040K, 12% used [0x0000000780800000,0x0000000781298ce8,0x0000000785d00000)
 PSPermGen       total 21504K, used 7224K [0x000000077b600000, 0x000000077cb00000, 0x0000000780800000)
  object space 21504K, 33% used [0x000000077b600000,0x000000077bd0e368,0x000000077cb00000)
}

